<!DOCTYPE html PUBLIC "-//W3C//DTD XHTML 1.1//EN" "http://www.w3.org/TR/xhtml11/DTD/xhtml11.dtd">
<html xmlns="http://www.w3.org/1999/xhtml">
<head>
<meta http-equiv="content-type" content="text/html; charset=UTF-8"/>
<title>TestNG Report</title>
<style type="text/css">table {margin-bottom:10px;border-collapse:collapse;empty-cells:show}th,td {border:1px solid #009;padding:.25em .5em}th {vertical-align:bottom}td {vertical-align:top}table a {font-weight:bold}.stripe td {background-color: #E6EBF9}.num {text-align:right}.passedodd td {background-color: #3F3}.passedeven td {background-color: #0A0}.skippedodd td {background-color: #DDD}.skippedeven td {background-color: #CCC}.failedodd td,.attn {background-color: #F33}.failedeven td,.stripe .attn {background-color: #D00}.stacktrace {white-space:pre;font-family:monospace}.totop {font-size:85%;text-align:center;border-bottom:2px solid #000}.invisible {display:none}</style>
</head>
<body>
<table>
<tr><th>Test</th><th># Passed</th><th># Skipped</th><th># Failed</th><th>Time (ms)</th><th>Included Groups</th><th>Excluded Groups</th></tr>
<tr><th colspan="7">temp-module</th></tr>
<tr><td><a href="#t0">set1 DevOpsURL</a></td><td class="num">5</td><td class="num">0</td><td class="num">0</td><td class="num">13,628</td><td></td><td></td></tr>
<tr class="stripe"><td><a href="#t1">set2 NEWS URL</a></td><td class="num">2</td><td class="num">0</td><td class="num attn">3</td><td class="num">78,792</td><td></td><td></td></tr>
<tr><td><a href="#t2">set3 OrganizationURL</a></td><td class="num">5</td><td class="num">0</td><td class="num">0</td><td class="num">23,352</td><td></td><td></td></tr>
<tr class="stripe"><td><a href="#t3">set4 PopularProductsURL</a></td><td class="num">5</td><td class="num">0</td><td class="num">0</td><td class="num">19,084</td><td></td><td></td></tr>
<tr><th>Total</th><th class="num">17</th><th class="num">0</th><th class="num attn">3</th><th class="num">134,856</th><th colspan="2"></th></tr>
</table>
<table id='summary'><thead><tr><th>Class</th><th>Method</th><th>Start</th><th>Time (ms)</th></tr></thead><tbody><tr><th colspan="4">temp-module</th></tr></tbody><tbody id="t0"><tr><th colspan="4">set1 DevOpsURL &#8212; passed</th></tr><tr class="passedeven"><td rowspan="5">com.temp_test.tests.TempTest_ValidateTitles</td><td><a href="#m0">navigateToUrl1</a></td><td rowspan="1">1595788473621</td><td rowspan="1">726</td></tr><tr class="passedeven"><td><a href="#m1">navigateToUrl2</a></td><td rowspan="1">1595788475341</td><td rowspan="1">982</td></tr><tr class="passedeven"><td><a href="#m2">navigateToUrl3</a></td><td rowspan="1">1595788477333</td><td rowspan="1">651</td></tr><tr class="passedeven"><td><a href="#m3">navigateToUrl4</a></td><td rowspan="1">1595788478988</td><td rowspan="1">813</td></tr><tr class="passedeven"><td><a href="#m4">navigateToUrl5</a></td><td rowspan="1">1595788480788</td><td rowspan="1">3014</td></tr></tbody>
<tbody id="t1"><tr><th colspan="4">set2 NEWS URL &#8212; failed</th></tr><tr class="failedeven"><td rowspan="3">com.temp_test.tests.TempTest_ValidateTitles</td><td><a href="#m5">navigateToUrl3</a></td><td rowspan="1">1595788500344</td><td rowspan="1">20049</td></tr><tr class="failedeven"><td><a href="#m6">navigateToUrl4</a></td><td rowspan="1">1595788521372</td><td rowspan="1">20040</td></tr><tr class="failedeven"><td><a href="#m7">navigateToUrl5</a></td><td rowspan="1">1595788542577</td><td rowspan="1">20063</td></tr><tr><th colspan="4">set2 NEWS URL &#8212; passed</th></tr><tr class="passedeven"><td rowspan="2">com.temp_test.tests.TempTest_ValidateTitles</td><td><a href="#m8">navigateToUrl1</a></td><td rowspan="1">1595788484842</td><td rowspan="1">6441</td></tr><tr class="passedeven"><td><a href="#m9">navigateToUrl2</a></td><td rowspan="1">1595788492380</td><td rowspan="1">6971</td></tr></tbody>
<tbody id="t2"><tr><th colspan="4">set3 OrganizationURL &#8212; passed</th></tr><tr class="passedeven"><td rowspan="5">com.temp_test.tests.TempTest_ValidateTitles</td><td><a href="#m10">navigateToUrl1</a></td><td rowspan="1">1595788563619</td><td rowspan="1">4461</td></tr><tr class="passedeven"><td><a href="#m11">navigateToUrl2</a></td><td rowspan="1">1595788569094</td><td rowspan="1">6567</td></tr><tr class="passedeven"><td><a href="#m12">navigateToUrl3</a></td><td rowspan="1">1595788576624</td><td rowspan="1">2522</td></tr><tr class="passedeven"><td><a href="#m13">navigateToUrl4</a></td><td rowspan="1">1595788580073</td><td rowspan="1">1861</td></tr><tr class="passedeven"><td><a href="#m14">navigateToUrl5</a></td><td rowspan="1">1595788582828</td><td rowspan="1">3210</td></tr></tbody>
<tbody id="t3"><tr><th colspan="4">set4 PopularProductsURL &#8212; passed</th></tr><tr class="passedeven"><td rowspan="5">com.temp_test.tests.TempTest_ValidateTitles</td><td><a href="#m15">navigateToUrl1</a></td><td rowspan="1">1595788587038</td><td rowspan="1">3433</td></tr><tr class="passedeven"><td><a href="#m16">navigateToUrl2</a></td><td rowspan="1">1595788591462</td><td rowspan="1">1128</td></tr><tr class="passedeven"><td><a href="#m17">navigateToUrl3</a></td><td rowspan="1">1595788593538</td><td rowspan="1">3218</td></tr><tr class="passedeven"><td><a href="#m18">navigateToUrl4</a></td><td rowspan="1">1595788597743</td><td rowspan="1">4921</td></tr><tr class="passedeven"><td><a href="#m19">navigateToUrl5</a></td><td rowspan="1">1595788603552</td><td rowspan="1">1574</td></tr></tbody>
</table>
<h2>set1 DevOpsURL</h2><h3 id="m0">com.temp_test.tests.TempTest_ValidateTitles#navigateToUrl1</h3><table class="result"><tr><th class="invisible"/></tr></table><p class="totop"><a href="#summary">back to summary</a></p>
<h3 id="m1">com.temp_test.tests.TempTest_ValidateTitles#navigateToUrl2</h3><table class="result"><tr><th class="invisible"/></tr></table><p class="totop"><a href="#summary">back to summary</a></p>
<h3 id="m2">com.temp_test.tests.TempTest_ValidateTitles#navigateToUrl3</h3><table class="result"><tr><th class="invisible"/></tr></table><p class="totop"><a href="#summary">back to summary</a></p>
<h3 id="m3">com.temp_test.tests.TempTest_ValidateTitles#navigateToUrl4</h3><table class="result"><tr><th class="invisible"/></tr></table><p class="totop"><a href="#summary">back to summary</a></p>
<h3 id="m4">com.temp_test.tests.TempTest_ValidateTitles#navigateToUrl5</h3><table class="result"><tr><th class="invisible"/></tr></table><p class="totop"><a href="#summary">back to summary</a></p>
<h2>set2 NEWS URL</h2><h3 id="m5">com.temp_test.tests.TempTest_ValidateTitles#navigateToUrl3</h3><table class="result"><tr><th>Exception</th></tr><tr><td><div class="stacktrace">org.openqa.selenium.TimeoutException: timeout
  (Session info: chrome=70.0.3538.77)
  (Driver info: chromedriver=2.43.600233 (523efee95e3d68b8719b3a1c83051aa63aa6b10d),platform=Linux 5.4.0-1021-gcp x86_64) (WARNING: The server did not provide any stacktrace information)
Command duration or timeout: 0 milliseconds
Build info: version: &apos;3.14.0&apos;, revision: &apos;aacccce0&apos;, time: &apos;2018-08-02T20:19:58.91Z&apos;
System info: host: &apos;ubuntu&apos;, ip: &apos;10.128.0.2&apos;, os.name: &apos;Linux&apos;, os.arch: &apos;amd64&apos;, os.version: &apos;5.4.0-1021-gcp&apos;, java.version: &apos;1.8.0_252&apos;
Driver info: org.openqa.selenium.remote.RemoteWebDriver
Capabilities {acceptInsecureCerts: false, acceptSslCerts: false, applicationCacheEnabled: false, browserConnectionEnabled: false, browserName: chrome, chrome: {chromedriverVersion: 2.43.600233 (523efee95e3d68..., userDataDir: /tmp/.org.chromium.Chromium...}, cssSelectorsEnabled: true, databaseEnabled: false, goog:chromeOptions: {debuggerAddress: localhost:33911}, handlesAlerts: true, hasTouchScreen: false, javascriptEnabled: true, locationContextEnabled: true, mobileEmulationEnabled: false, nativeEvents: true, networkConnectionEnabled: false, pageLoadStrategy: normal, platform: LINUX, platformName: LINUX, rotatable: false, setWindowRect: true, takesHeapSnapshot: true, takesScreenshot: true, unexpectedAlertBehaviour: , unhandledPromptBehavior: , version: 70.0.3538.77, webStorageEnabled: true, webdriver.remote.sessionid: a4900d5907712b236b9765c6ac9...}
Session ID: a4900d5907712b236b9765c6ac9a8b12
	at org.openqa.selenium.remote.ErrorHandler.createThrowable(ErrorHandler.java:214)
	at org.openqa.selenium.remote.ErrorHandler.throwIfResponseFailed(ErrorHandler.java:166)
	at org.openqa.selenium.remote.http.JsonHttpResponseCodec.reconstructValue(JsonHttpResponseCodec.java:40)
	at org.openqa.selenium.remote.http.AbstractHttpResponseCodec.decode(AbstractHttpResponseCodec.java:80)
	at org.openqa.selenium.remote.http.AbstractHttpResponseCodec.decode(AbstractHttpResponseCodec.java:44)
	at org.openqa.selenium.remote.HttpCommandExecutor.execute(HttpCommandExecutor.java:158)
	at org.openqa.selenium.remote.RemoteWebDriver.execute(RemoteWebDriver.java:548)
	at org.openqa.selenium.remote.RemoteWebDriver.get(RemoteWebDriver.java:276)
	at com.temp_test.tests.TempTest_ValidateTitles.navigateToUrl3(TempTest_ValidateTitles.java:75)
... Removed 33 stack frames</div></td></tr></table><p class="totop"><a href="#summary">back to summary</a></p>
<h3 id="m6">com.temp_test.tests.TempTest_ValidateTitles#navigateToUrl4</h3><table class="result"><tr><th>Exception</th></tr><tr><td><div class="stacktrace">org.openqa.selenium.TimeoutException: timeout
  (Session info: chrome=70.0.3538.77)
  (Driver info: chromedriver=2.43.600233 (523efee95e3d68b8719b3a1c83051aa63aa6b10d),platform=Linux 5.4.0-1021-gcp x86_64) (WARNING: The server did not provide any stacktrace information)
Command duration or timeout: 0 milliseconds
Build info: version: &apos;3.14.0&apos;, revision: &apos;aacccce0&apos;, time: &apos;2018-08-02T20:19:58.91Z&apos;
System info: host: &apos;ubuntu&apos;, ip: &apos;10.128.0.2&apos;, os.name: &apos;Linux&apos;, os.arch: &apos;amd64&apos;, os.version: &apos;5.4.0-1021-gcp&apos;, java.version: &apos;1.8.0_252&apos;
Driver info: org.openqa.selenium.remote.RemoteWebDriver
Capabilities {acceptInsecureCerts: false, acceptSslCerts: false, applicationCacheEnabled: false, browserConnectionEnabled: false, browserName: chrome, chrome: {chromedriverVersion: 2.43.600233 (523efee95e3d68..., userDataDir: /tmp/.org.chromium.Chromium...}, cssSelectorsEnabled: true, databaseEnabled: false, goog:chromeOptions: {debuggerAddress: localhost:44813}, handlesAlerts: true, hasTouchScreen: false, javascriptEnabled: true, locationContextEnabled: true, mobileEmulationEnabled: false, nativeEvents: true, networkConnectionEnabled: false, pageLoadStrategy: normal, platform: LINUX, platformName: LINUX, rotatable: false, setWindowRect: true, takesHeapSnapshot: true, takesScreenshot: true, unexpectedAlertBehaviour: , unhandledPromptBehavior: , version: 70.0.3538.77, webStorageEnabled: true, webdriver.remote.sessionid: 3ef6a99d481ab3c575d9d34711e...}
Session ID: 3ef6a99d481ab3c575d9d34711ef9c7b
	at org.openqa.selenium.remote.ErrorHandler.createThrowable(ErrorHandler.java:214)
	at org.openqa.selenium.remote.ErrorHandler.throwIfResponseFailed(ErrorHandler.java:166)
	at org.openqa.selenium.remote.http.JsonHttpResponseCodec.reconstructValue(JsonHttpResponseCodec.java:40)
	at org.openqa.selenium.remote.http.AbstractHttpResponseCodec.decode(AbstractHttpResponseCodec.java:80)
	at org.openqa.selenium.remote.http.AbstractHttpResponseCodec.decode(AbstractHttpResponseCodec.java:44)
	at org.openqa.selenium.remote.HttpCommandExecutor.execute(HttpCommandExecutor.java:158)
	at org.openqa.selenium.remote.RemoteWebDriver.execute(RemoteWebDriver.java:548)
	at org.openqa.selenium.remote.RemoteWebDriver.get(RemoteWebDriver.java:276)
	at com.temp_test.tests.TempTest_ValidateTitles.navigateToUrl4(TempTest_ValidateTitles.java:89)
... Removed 33 stack frames</div></td></tr></table><p class="totop"><a href="#summary">back to summary</a></p>
<h3 id="m7">com.temp_test.tests.TempTest_ValidateTitles#navigateToUrl5</h3><table class="result"><tr><th>Exception</th></tr><tr><td><div class="stacktrace">org.openqa.selenium.TimeoutException: timeout
  (Session info: chrome=70.0.3538.77)
  (Driver info: chromedriver=2.43.600233 (523efee95e3d68b8719b3a1c83051aa63aa6b10d),platform=Linux 5.4.0-1021-gcp x86_64) (WARNING: The server did not provide any stacktrace information)
Command duration or timeout: 0 milliseconds
Build info: version: &apos;3.14.0&apos;, revision: &apos;aacccce0&apos;, time: &apos;2018-08-02T20:19:58.91Z&apos;
System info: host: &apos;ubuntu&apos;, ip: &apos;10.128.0.2&apos;, os.name: &apos;Linux&apos;, os.arch: &apos;amd64&apos;, os.version: &apos;5.4.0-1021-gcp&apos;, java.version: &apos;1.8.0_252&apos;
Driver info: org.openqa.selenium.remote.RemoteWebDriver
Capabilities {acceptInsecureCerts: false, acceptSslCerts: false, applicationCacheEnabled: false, browserConnectionEnabled: false, browserName: chrome, chrome: {chromedriverVersion: 2.43.600233 (523efee95e3d68..., userDataDir: /tmp/.org.chromium.Chromium...}, cssSelectorsEnabled: true, databaseEnabled: false, goog:chromeOptions: {debuggerAddress: localhost:33105}, handlesAlerts: true, hasTouchScreen: false, javascriptEnabled: true, locationContextEnabled: true, mobileEmulationEnabled: false, nativeEvents: true, networkConnectionEnabled: false, pageLoadStrategy: normal, platform: LINUX, platformName: LINUX, rotatable: false, setWindowRect: true, takesHeapSnapshot: true, takesScreenshot: true, unexpectedAlertBehaviour: , unhandledPromptBehavior: , version: 70.0.3538.77, webStorageEnabled: true, webdriver.remote.sessionid: dc1851ef1d8afaa048318a829d7...}
Session ID: dc1851ef1d8afaa048318a829d74501a
	at org.openqa.selenium.remote.ErrorHandler.createThrowable(ErrorHandler.java:214)
	at org.openqa.selenium.remote.ErrorHandler.throwIfResponseFailed(ErrorHandler.java:166)
	at org.openqa.selenium.remote.http.JsonHttpResponseCodec.reconstructValue(JsonHttpResponseCodec.java:40)
	at org.openqa.selenium.remote.http.AbstractHttpResponseCodec.decode(AbstractHttpResponseCodec.java:80)
	at org.openqa.selenium.remote.http.AbstractHttpResponseCodec.decode(AbstractHttpResponseCodec.java:44)
	at org.openqa.selenium.remote.HttpCommandExecutor.execute(HttpCommandExecutor.java:158)
	at org.openqa.selenium.remote.RemoteWebDriver.execute(RemoteWebDriver.java:548)
	at org.openqa.selenium.remote.RemoteWebDriver.get(RemoteWebDriver.java:276)
	at com.temp_test.tests.TempTest_ValidateTitles.navigateToUrl5(TempTest_ValidateTitles.java:103)
... Removed 33 stack frames</div></td></tr></table><p class="totop"><a href="#summary">back to summary</a></p>
<h3 id="m8">com.temp_test.tests.TempTest_ValidateTitles#navigateToUrl1</h3><table class="result"><tr><th class="invisible"/></tr></table><p class="totop"><a href="#summary">back to summary</a></p>
<h3 id="m9">com.temp_test.tests.TempTest_ValidateTitles#navigateToUrl2</h3><table class="result"><tr><th class="invisible"/></tr></table><p class="totop"><a href="#summary">back to summary</a></p>
<h2>set3 OrganizationURL</h2><h3 id="m10">com.temp_test.tests.TempTest_ValidateTitles#navigateToUrl1</h3><table class="result"><tr><th class="invisible"/></tr></table><p class="totop"><a href="#summary">back to summary</a></p>
<h3 id="m11">com.temp_test.tests.TempTest_ValidateTitles#navigateToUrl2</h3><table class="result"><tr><th class="invisible"/></tr></table><p class="totop"><a href="#summary">back to summary</a></p>
<h3 id="m12">com.temp_test.tests.TempTest_ValidateTitles#navigateToUrl3</h3><table class="result"><tr><th class="invisible"/></tr></table><p class="totop"><a href="#summary">back to summary</a></p>
<h3 id="m13">com.temp_test.tests.TempTest_ValidateTitles#navigateToUrl4</h3><table class="result"><tr><th class="invisible"/></tr></table><p class="totop"><a href="#summary">back to summary</a></p>
<h3 id="m14">com.temp_test.tests.TempTest_ValidateTitles#navigateToUrl5</h3><table class="result"><tr><th class="invisible"/></tr></table><p class="totop"><a href="#summary">back to summary</a></p>
<h2>set4 PopularProductsURL</h2><h3 id="m15">com.temp_test.tests.TempTest_ValidateTitles#navigateToUrl1</h3><table class="result"><tr><th class="invisible"/></tr></table><p class="totop"><a href="#summary">back to summary</a></p>
<h3 id="m16">com.temp_test.tests.TempTest_ValidateTitles#navigateToUrl2</h3><table class="result"><tr><th class="invisible"/></tr></table><p class="totop"><a href="#summary">back to summary</a></p>
<h3 id="m17">com.temp_test.tests.TempTest_ValidateTitles#navigateToUrl3</h3><table class="result"><tr><th class="invisible"/></tr></table><p class="totop"><a href="#summary">back to summary</a></p>
<h3 id="m18">com.temp_test.tests.TempTest_ValidateTitles#navigateToUrl4</h3><table class="result"><tr><th class="invisible"/></tr></table><p class="totop"><a href="#summary">back to summary</a></p>
<h3 id="m19">com.temp_test.tests.TempTest_ValidateTitles#navigateToUrl5</h3><table class="result"><tr><th class="invisible"/></tr></table><p class="totop"><a href="#summary">back to summary</a></p>
</body>
</html>
