<?xml version="1.0" encoding="UTF-8"?>
<testng-results skipped="0" failed="3" ignored="0" total="5" passed="2">
  <reporter-output>
  </reporter-output>
  <suite name="temp-module" duration-ms="41852" started-at="2020-07-26T16:40:32Z" finished-at="2020-07-26T16:41:14Z">
    <groups>
    </groups>
    <test name="temp-test-java" duration-ms="41852" started-at="2020-07-26T16:40:32Z" finished-at="2020-07-26T16:41:14Z">
      <class name="com.temp_test.tests.TempTest">
        <test-method status="PASS" signature="initialSetUp()[pri:0, instance:com.temp_test.tests.TempTest@6f7fd0e6]" name="initialSetUp" is-config="true" duration-ms="5576" started-at="2020-07-26T16:40:32Z" finished-at="2020-07-26T16:40:38Z">
          <reporter-output>
          </reporter-output>
        </test-method> <!-- initialSetUp -->
        <test-method status="PASS" signature="setUp(java.lang.String, java.lang.String, java.lang.String, java.lang.String, java.lang.String)[pri:0, instance:com.temp_test.tests.TempTest@6f7fd0e6]" name="setUp" is-config="true" duration-ms="4" started-at="2020-07-26T16:40:38Z" finished-at="2020-07-26T16:40:38Z">
          <params>
            <param index="0">
              <value>
                <![CDATA[https://www.google.com/]]>
              </value>
            </param>
            <param index="1">
              <value>
                <![CDATA[https://github.com/]]>
              </value>
            </param>
            <param index="2">
              <value>
                <![CDATA[https://www.youtube.com/]]>
              </value>
            </param>
            <param index="3">
              <value>
                <![CDATA[https://mvnrepository.com/]]>
              </value>
            </param>
            <param index="4">
              <value>
                <![CDATA[https://www.hotstar.com/in]]>
              </value>
            </param>
          </params>
          <reporter-output>
          </reporter-output>
        </test-method> <!-- setUp -->
        <test-method status="FAIL" signature="navigateToGitHub()[pri:0, instance:com.temp_test.tests.TempTest@6f7fd0e6]" name="navigateToGitHub" duration-ms="1253" started-at="2020-07-26T16:40:38Z" finished-at="2020-07-26T16:40:39Z">
          <exception class="java.lang.AssertionError">
            <message>
              <![CDATA[expected [GitHub] but found [The world’s leading software development platform · GitHub]]]>
            </message>
            <full-stacktrace>
              <![CDATA[java.lang.AssertionError: expected [GitHub] but found [The world’s leading software development platform · GitHub]
at org.testng.Assert.fail(Assert.java:96)
at org.testng.Assert.failNotEquals(Assert.java:776)
at org.testng.Assert.assertEqualsImpl(Assert.java:137)
at org.testng.Assert.assertEquals(Assert.java:118)
at org.testng.Assert.assertEquals(Assert.java:453)
at org.testng.Assert.assertEquals(Assert.java:463)
at com.temp_test.tests.TempTest.navigateToGitHub(TempTest.java:55)
at sun.reflect.NativeMethodAccessorImpl.invoke0(Native Method)
at sun.reflect.NativeMethodAccessorImpl.invoke(NativeMethodAccessorImpl.java:62)
at sun.reflect.DelegatingMethodAccessorImpl.invoke(DelegatingMethodAccessorImpl.java:43)
at java.lang.reflect.Method.invoke(Method.java:498)
at org.testng.internal.MethodInvocationHelper.invokeMethod(MethodInvocationHelper.java:124)
at org.testng.internal.Invoker.invokeMethod(Invoker.java:583)
at org.testng.internal.Invoker.invokeTestMethod(Invoker.java:719)
at org.testng.internal.Invoker.invokeTestMethods(Invoker.java:989)
at org.testng.internal.TestMethodWorker.invokeTestMethods(TestMethodWorker.java:125)
at org.testng.internal.TestMethodWorker.run(TestMethodWorker.java:109)
at org.testng.TestRunner.privateRun(TestRunner.java:648)
at org.testng.TestRunner.run(TestRunner.java:505)
at org.testng.SuiteRunner.runTest(SuiteRunner.java:455)
at org.testng.SuiteRunner.runSequentially(SuiteRunner.java:450)
at org.testng.SuiteRunner.privateRun(SuiteRunner.java:415)
at org.testng.SuiteRunner.run(SuiteRunner.java:364)
at org.testng.SuiteRunnerWorker.runSuite(SuiteRunnerWorker.java:52)
at org.testng.SuiteRunnerWorker.run(SuiteRunnerWorker.java:84)
at org.testng.TestNG.runSuitesSequentially(TestNG.java:1208)
at org.testng.TestNG.runSuitesLocally(TestNG.java:1137)
at org.testng.TestNG.runSuites(TestNG.java:1049)
at org.testng.TestNG.run(TestNG.java:1017)
at org.testng.remote.AbstractRemoteTestNG.run(AbstractRemoteTestNG.java:115)
at org.testng.remote.RemoteTestNG.initAndRun(RemoteTestNG.java:251)
at org.testng.remote.RemoteTestNG.main(RemoteTestNG.java:77)
]]>
            </full-stacktrace>
          </exception> <!-- java.lang.AssertionError -->
          <reporter-output>
          </reporter-output>
        </test-method> <!-- navigateToGitHub -->
        <test-method status="PASS" signature="tearDown(org.testng.ITestResult)[pri:0, instance:com.temp_test.tests.TempTest@6f7fd0e6]" name="tearDown" is-config="true" duration-ms="1492" started-at="2020-07-26T16:40:39Z" finished-at="2020-07-26T16:40:40Z">
          <params>
            <param index="0">
              <value>
                <![CDATA[[TestResult name=navigateToGitHub status=FAILURE method=TempTest.navigateToGitHub()[pri:0, instance:com.temp_test.tests.TempTest@6f7fd0e6] output={null}]]]>
              </value>
            </param>
          </params>
          <reporter-output>
          </reporter-output>
        </test-method> <!-- tearDown -->
        <test-method status="PASS" signature="initialSetUp()[pri:0, instance:com.temp_test.tests.TempTest@6f7fd0e6]" name="initialSetUp" is-config="true" duration-ms="3716" started-at="2020-07-26T16:40:40Z" finished-at="2020-07-26T16:40:44Z">
          <reporter-output>
          </reporter-output>
        </test-method> <!-- initialSetUp -->
        <test-method status="PASS" signature="setUp(java.lang.String, java.lang.String, java.lang.String, java.lang.String, java.lang.String)[pri:0, instance:com.temp_test.tests.TempTest@6f7fd0e6]" name="setUp" is-config="true" duration-ms="1" started-at="2020-07-26T16:40:44Z" finished-at="2020-07-26T16:40:44Z">
          <params>
            <param index="0">
              <value>
                <![CDATA[https://www.google.com/]]>
              </value>
            </param>
            <param index="1">
              <value>
                <![CDATA[https://github.com/]]>
              </value>
            </param>
            <param index="2">
              <value>
                <![CDATA[https://www.youtube.com/]]>
              </value>
            </param>
            <param index="3">
              <value>
                <![CDATA[https://mvnrepository.com/]]>
              </value>
            </param>
            <param index="4">
              <value>
                <![CDATA[https://www.hotstar.com/in]]>
              </value>
            </param>
          </params>
          <reporter-output>
          </reporter-output>
        </test-method> <!-- setUp -->
        <test-method status="PASS" signature="navigateToGoogle()[pri:0, instance:com.temp_test.tests.TempTest@6f7fd0e6]" name="navigateToGoogle" duration-ms="1569" started-at="2020-07-26T16:40:44Z" finished-at="2020-07-26T16:40:46Z">
          <reporter-output>
          </reporter-output>
        </test-method> <!-- navigateToGoogle -->
        <test-method status="PASS" signature="tearDown(org.testng.ITestResult)[pri:0, instance:com.temp_test.tests.TempTest@6f7fd0e6]" name="tearDown" is-config="true" duration-ms="1475" started-at="2020-07-26T16:40:46Z" finished-at="2020-07-26T16:40:47Z">
          <params>
            <param index="0">
              <value>
                <![CDATA[[TestResult name=navigateToGoogle status=SUCCESS method=TempTest.navigateToGoogle()[pri:0, instance:com.temp_test.tests.TempTest@6f7fd0e6] output={null}]]]>
              </value>
            </param>
          </params>
          <reporter-output>
          </reporter-output>
        </test-method> <!-- tearDown -->
        <test-method status="PASS" signature="initialSetUp()[pri:0, instance:com.temp_test.tests.TempTest@6f7fd0e6]" name="initialSetUp" is-config="true" duration-ms="4142" started-at="2020-07-26T16:40:47Z" finished-at="2020-07-26T16:40:51Z">
          <reporter-output>
          </reporter-output>
        </test-method> <!-- initialSetUp -->
        <test-method status="PASS" signature="setUp(java.lang.String, java.lang.String, java.lang.String, java.lang.String, java.lang.String)[pri:0, instance:com.temp_test.tests.TempTest@6f7fd0e6]" name="setUp" is-config="true" duration-ms="1" started-at="2020-07-26T16:40:51Z" finished-at="2020-07-26T16:40:51Z">
          <params>
            <param index="0">
              <value>
                <![CDATA[https://www.google.com/]]>
              </value>
            </param>
            <param index="1">
              <value>
                <![CDATA[https://github.com/]]>
              </value>
            </param>
            <param index="2">
              <value>
                <![CDATA[https://www.youtube.com/]]>
              </value>
            </param>
            <param index="3">
              <value>
                <![CDATA[https://mvnrepository.com/]]>
              </value>
            </param>
            <param index="4">
              <value>
                <![CDATA[https://www.hotstar.com/in]]>
              </value>
            </param>
          </params>
          <reporter-output>
          </reporter-output>
        </test-method> <!-- setUp -->
        <test-method status="FAIL" signature="navigateToHotstar()[pri:0, instance:com.temp_test.tests.TempTest@6f7fd0e6]" name="navigateToHotstar" duration-ms="1024" started-at="2020-07-26T16:40:51Z" finished-at="2020-07-26T16:40:52Z">
          <exception class="java.lang.AssertionError">
            <message>
              <![CDATA[expected [Disney+ Hotstar - Watch TV Shows, Movies, Live Cricket Matches & News Online] but found [Disney+ Hotstar - Watch TV Shows, Movies, Live Cricket Matches & News Online]]]>
            </message>
            <full-stacktrace>
              <![CDATA[java.lang.AssertionError: expected [Disney+ Hotstar - Watch TV Shows, Movies, Live Cricket Matches & News Online] but found [Disney+ Hotstar - Watch TV Shows, Movies, Live Cricket Matches & News Online]
at org.testng.Assert.fail(Assert.java:96)
at org.testng.Assert.failNotEquals(Assert.java:776)
at org.testng.Assert.assertEqualsImpl(Assert.java:137)
at org.testng.Assert.assertEquals(Assert.java:118)
at org.testng.Assert.assertEquals(Assert.java:453)
at org.testng.Assert.assertEquals(Assert.java:463)
at com.temp_test.tests.TempTest.navigateToHotstar(TempTest.java:82)
at sun.reflect.NativeMethodAccessorImpl.invoke0(Native Method)
at sun.reflect.NativeMethodAccessorImpl.invoke(NativeMethodAccessorImpl.java:62)
at sun.reflect.DelegatingMethodAccessorImpl.invoke(DelegatingMethodAccessorImpl.java:43)
at java.lang.reflect.Method.invoke(Method.java:498)
at org.testng.internal.MethodInvocationHelper.invokeMethod(MethodInvocationHelper.java:124)
at org.testng.internal.Invoker.invokeMethod(Invoker.java:583)
at org.testng.internal.Invoker.invokeTestMethod(Invoker.java:719)
at org.testng.internal.Invoker.invokeTestMethods(Invoker.java:989)
at org.testng.internal.TestMethodWorker.invokeTestMethods(TestMethodWorker.java:125)
at org.testng.internal.TestMethodWorker.run(TestMethodWorker.java:109)
at org.testng.TestRunner.privateRun(TestRunner.java:648)
at org.testng.TestRunner.run(TestRunner.java:505)
at org.testng.SuiteRunner.runTest(SuiteRunner.java:455)
at org.testng.SuiteRunner.runSequentially(SuiteRunner.java:450)
at org.testng.SuiteRunner.privateRun(SuiteRunner.java:415)
at org.testng.SuiteRunner.run(SuiteRunner.java:364)
at org.testng.SuiteRunnerWorker.runSuite(SuiteRunnerWorker.java:52)
at org.testng.SuiteRunnerWorker.run(SuiteRunnerWorker.java:84)
at org.testng.TestNG.runSuitesSequentially(TestNG.java:1208)
at org.testng.TestNG.runSuitesLocally(TestNG.java:1137)
at org.testng.TestNG.runSuites(TestNG.java:1049)
at org.testng.TestNG.run(TestNG.java:1017)
at org.testng.remote.AbstractRemoteTestNG.run(AbstractRemoteTestNG.java:115)
at org.testng.remote.RemoteTestNG.initAndRun(RemoteTestNG.java:251)
at org.testng.remote.RemoteTestNG.main(RemoteTestNG.java:77)
]]>
            </full-stacktrace>
          </exception> <!-- java.lang.AssertionError -->
          <reporter-output>
          </reporter-output>
        </test-method> <!-- navigateToHotstar -->
        <test-method status="PASS" signature="tearDown(org.testng.ITestResult)[pri:0, instance:com.temp_test.tests.TempTest@6f7fd0e6]" name="tearDown" is-config="true" duration-ms="1257" started-at="2020-07-26T16:40:52Z" finished-at="2020-07-26T16:40:54Z">
          <params>
            <param index="0">
              <value>
                <![CDATA[[TestResult name=navigateToHotstar status=FAILURE method=TempTest.navigateToHotstar()[pri:0, instance:com.temp_test.tests.TempTest@6f7fd0e6] output={null}]]]>
              </value>
            </param>
          </params>
          <reporter-output>
          </reporter-output>
        </test-method> <!-- tearDown -->
        <test-method status="PASS" signature="initialSetUp()[pri:0, instance:com.temp_test.tests.TempTest@6f7fd0e6]" name="initialSetUp" is-config="true" duration-ms="4118" started-at="2020-07-26T16:40:54Z" finished-at="2020-07-26T16:40:58Z">
          <reporter-output>
          </reporter-output>
        </test-method> <!-- initialSetUp -->
        <test-method status="PASS" signature="setUp(java.lang.String, java.lang.String, java.lang.String, java.lang.String, java.lang.String)[pri:0, instance:com.temp_test.tests.TempTest@6f7fd0e6]" name="setUp" is-config="true" duration-ms="1" started-at="2020-07-26T16:40:58Z" finished-at="2020-07-26T16:40:58Z">
          <params>
            <param index="0">
              <value>
                <![CDATA[https://www.google.com/]]>
              </value>
            </param>
            <param index="1">
              <value>
                <![CDATA[https://github.com/]]>
              </value>
            </param>
            <param index="2">
              <value>
                <![CDATA[https://www.youtube.com/]]>
              </value>
            </param>
            <param index="3">
              <value>
                <![CDATA[https://mvnrepository.com/]]>
              </value>
            </param>
            <param index="4">
              <value>
                <![CDATA[https://www.hotstar.com/in]]>
              </value>
            </param>
          </params>
          <reporter-output>
          </reporter-output>
        </test-method> <!-- setUp -->
        <test-method status="PASS" signature="navigateToMaven()[pri:0, instance:com.temp_test.tests.TempTest@6f7fd0e6]" name="navigateToMaven" duration-ms="3363" started-at="2020-07-26T16:40:58Z" finished-at="2020-07-26T16:41:01Z">
          <reporter-output>
          </reporter-output>
        </test-method> <!-- navigateToMaven -->
        <test-method status="PASS" signature="tearDown(org.testng.ITestResult)[pri:0, instance:com.temp_test.tests.TempTest@6f7fd0e6]" name="tearDown" is-config="true" duration-ms="1073" started-at="2020-07-26T16:41:01Z" finished-at="2020-07-26T16:41:02Z">
          <params>
            <param index="0">
              <value>
                <![CDATA[[TestResult name=navigateToMaven status=SUCCESS method=TempTest.navigateToMaven()[pri:0, instance:com.temp_test.tests.TempTest@6f7fd0e6] output={null}]]]>
              </value>
            </param>
          </params>
          <reporter-output>
          </reporter-output>
        </test-method> <!-- tearDown -->
        <test-method status="PASS" signature="initialSetUp()[pri:0, instance:com.temp_test.tests.TempTest@6f7fd0e6]" name="initialSetUp" is-config="true" duration-ms="3892" started-at="2020-07-26T16:41:02Z" finished-at="2020-07-26T16:41:06Z">
          <reporter-output>
          </reporter-output>
        </test-method> <!-- initialSetUp -->
        <test-method status="PASS" signature="setUp(java.lang.String, java.lang.String, java.lang.String, java.lang.String, java.lang.String)[pri:0, instance:com.temp_test.tests.TempTest@6f7fd0e6]" name="setUp" is-config="true" duration-ms="1" started-at="2020-07-26T16:41:06Z" finished-at="2020-07-26T16:41:06Z">
          <params>
            <param index="0">
              <value>
                <![CDATA[https://www.google.com/]]>
              </value>
            </param>
            <param index="1">
              <value>
                <![CDATA[https://github.com/]]>
              </value>
            </param>
            <param index="2">
              <value>
                <![CDATA[https://www.youtube.com/]]>
              </value>
            </param>
            <param index="3">
              <value>
                <![CDATA[https://mvnrepository.com/]]>
              </value>
            </param>
            <param index="4">
              <value>
                <![CDATA[https://www.hotstar.com/in]]>
              </value>
            </param>
          </params>
          <reporter-output>
          </reporter-output>
        </test-method> <!-- setUp -->
        <test-method status="FAIL" signature="navigateToYoutube()[pri:0, instance:com.temp_test.tests.TempTest@6f7fd0e6]" name="navigateToYoutube" duration-ms="5752" started-at="2020-07-26T16:41:06Z" finished-at="2020-07-26T16:41:12Z">
          <exception class="java.lang.AssertionError">
            <message>
              <![CDATA[expected [(988) YouTube] but found [YouTube]]]>
            </message>
            <full-stacktrace>
              <![CDATA[java.lang.AssertionError: expected [(988) YouTube] but found [YouTube]
at org.testng.Assert.fail(Assert.java:96)
at org.testng.Assert.failNotEquals(Assert.java:776)
at org.testng.Assert.assertEqualsImpl(Assert.java:137)
at org.testng.Assert.assertEquals(Assert.java:118)
at org.testng.Assert.assertEquals(Assert.java:453)
at org.testng.Assert.assertEquals(Assert.java:463)
at com.temp_test.tests.TempTest.navigateToYoutube(TempTest.java:64)
at sun.reflect.NativeMethodAccessorImpl.invoke0(Native Method)
at sun.reflect.NativeMethodAccessorImpl.invoke(NativeMethodAccessorImpl.java:62)
at sun.reflect.DelegatingMethodAccessorImpl.invoke(DelegatingMethodAccessorImpl.java:43)
at java.lang.reflect.Method.invoke(Method.java:498)
at org.testng.internal.MethodInvocationHelper.invokeMethod(MethodInvocationHelper.java:124)
at org.testng.internal.Invoker.invokeMethod(Invoker.java:583)
at org.testng.internal.Invoker.invokeTestMethod(Invoker.java:719)
at org.testng.internal.Invoker.invokeTestMethods(Invoker.java:989)
at org.testng.internal.TestMethodWorker.invokeTestMethods(TestMethodWorker.java:125)
at org.testng.internal.TestMethodWorker.run(TestMethodWorker.java:109)
at org.testng.TestRunner.privateRun(TestRunner.java:648)
at org.testng.TestRunner.run(TestRunner.java:505)
at org.testng.SuiteRunner.runTest(SuiteRunner.java:455)
at org.testng.SuiteRunner.runSequentially(SuiteRunner.java:450)
at org.testng.SuiteRunner.privateRun(SuiteRunner.java:415)
at org.testng.SuiteRunner.run(SuiteRunner.java:364)
at org.testng.SuiteRunnerWorker.runSuite(SuiteRunnerWorker.java:52)
at org.testng.SuiteRunnerWorker.run(SuiteRunnerWorker.java:84)
at org.testng.TestNG.runSuitesSequentially(TestNG.java:1208)
at org.testng.TestNG.runSuitesLocally(TestNG.java:1137)
at org.testng.TestNG.runSuites(TestNG.java:1049)
at org.testng.TestNG.run(TestNG.java:1017)
at org.testng.remote.AbstractRemoteTestNG.run(AbstractRemoteTestNG.java:115)
at org.testng.remote.RemoteTestNG.initAndRun(RemoteTestNG.java:251)
at org.testng.remote.RemoteTestNG.main(RemoteTestNG.java:77)
]]>
            </full-stacktrace>
          </exception> <!-- java.lang.AssertionError -->
          <reporter-output>
          </reporter-output>
        </test-method> <!-- navigateToYoutube -->
        <test-method status="PASS" signature="tearDown(org.testng.ITestResult)[pri:0, instance:com.temp_test.tests.TempTest@6f7fd0e6]" name="tearDown" is-config="true" duration-ms="2084" started-at="2020-07-26T16:41:12Z" finished-at="2020-07-26T16:41:14Z">
          <params>
            <param index="0">
              <value>
                <![CDATA[[TestResult name=navigateToYoutube status=FAILURE method=TempTest.navigateToYoutube()[pri:0, instance:com.temp_test.tests.TempTest@6f7fd0e6] output={null}]]]>
              </value>
            </param>
          </params>
          <reporter-output>
          </reporter-output>
        </test-method> <!-- tearDown -->
      </class> <!-- com.temp_test.tests.TempTest -->
    </test> <!-- temp-test-java -->
  </suite> <!-- temp-module -->
</testng-results>
